<?xml version="1.0" encoding="UTF-8"?>
<testsuite name="com.bridgelabz.UserRegistrationTest" tests="1" skipped="0" failures="0" errors="0" timestamp="2021-05-28T10:28:12" hostname="DESKTOP-T79M02P" time="0.002">
  <properties/>
  <testcase name="givenPassWord_whenValid_thenReturnFalse" classname="com.bridgelabz.UserRegistrationTest" time="0.002"/>
  <system-out><![CDATA[]]></system-out>
  <system-err><![CDATA[]]></system-err>
</testsuite>
