<?xml version="1.0" encoding="UTF-8"?>
<testsuite name="com.bridgelabz.com.bridgelabz.EmailValidator" tests="6" skipped="0" failures="0" errors="0" timestamp="2021-05-29T15:20:31" hostname="DESKTOP-T79M02P" time="0.012">
  <properties/>
  <testcase name="emailChecker1[0]" classname="com.bridgelabz.com.bridgelabz.EmailValidator" time="0.007"/>
  <testcase name="emailChecker[0]" classname="com.bridgelabz.com.bridgelabz.EmailValidator" time="0.0"/>
  <testcase name="emailChecker1[1]" classname="com.bridgelabz.com.bridgelabz.EmailValidator" time="0.0"/>
  <testcase name="emailChecker[1]" classname="com.bridgelabz.com.bridgelabz.EmailValidator" time="0.0"/>
  <testcase name="emailChecker1[2]" classname="com.bridgelabz.com.bridgelabz.EmailValidator" time="0.001"/>
  <testcase name="emailChecker[2]" classname="com.bridgelabz.com.bridgelabz.EmailValidator" time="0.001"/>
  <system-out><![CDATA[]]></system-out>
  <system-err><![CDATA[]]></system-err>
</testsuite>
